# JRE version: Java(TM) SE Runtime Environment (7.0_40-b43) (build 1.7.0_40-b43)
# Java VM: Java HotSpot(TM) 64-Bit Server VM (24.0-b56 mixed mode linux-amd64 compressed oops)
Heap
 PSYoungGen      total 124928K, used 54099K [0x00000000f5500000, 0x00000000ff380000, 0x0000000100000000)
  eden space 114688K, 38% used [0x00000000f5500000,0x00000000f8000fb0,0x00000000fc500000)
  from space 10240K, 98% used [0x00000000fe980000,0x00000000ff353cb0,0x00000000ff380000)
  to   space 22016K, 0% used [0x00000000fc880000,0x00000000fc880000,0x00000000fde00000)
 ParOldGen       total 79872K, used 43996K [0x00000000e0000000, 0x00000000e4e00000, 0x00000000f5500000)
  object space 79872K, 55% used [0x00000000e0000000,0x00000000e2af70d0,0x00000000e4e00000)
 PSPermGen       total 110080K, used 60180K [0x00000000d0000000, 0x00000000d6b80000, 0x00000000e0000000)
  object space 110080K, 54% used [0x00000000d0000000,0x00000000d3ac5318,0x00000000d6b80000)
GC Heap History (10 events):
Event: 5.400 GC heap before
{Heap before GC invocations=5 (full 0):
 PSYoungGen      total 36352K, used 36343K [0x00000000f5500000, 0x00000000f7b00000, 0x0000000100000000)
  eden space 33792K, 100% used [0x00000000f5500000,0x00000000f7600000,0x00000000f7600000)
  from space 2560K, 99% used [0x00000000f7880000,0x00000000f7afdd10,0x00000000f7b00000)
  to   space 2560K, 0% used [0x00000000f7600000,0x00000000f7600000,0x00000000f7880000)
 ParOldGen       total 44032K, used 19289K [0x00000000e0000000, 0x00000000e2b00000, 0x00000000f5500000)
  object space 44032K, 43% used [0x00000000e0000000,0x00000000e12d64d8,0x00000000e2b00000)
 PSPermGen       total 30720K, used 30649K [0x00000000d0000000, 0x00000000d1e00000, 0x00000000e0000000)
  object space 30720K, 99% used [0x00000000d0000000,0x00000000d1dee418,0x00000000d1e00000)
Event: 5.409 GC heap after
Heap after GC invocations=5 (full 0):
 PSYoungGen      total 36352K, used 2555K [0x00000000f5500000, 0x00000000fb600000, 0x0000000100000000)
  eden space 33792K, 0% used [0x00000000f5500000,0x00000000f5500000,0x00000000f7600000)
  from space 2560K, 99% used [0x00000000f7600000,0x00000000f787ec80,0x00000000f7880000)
  to   space 15872K, 0% used [0x00000000fa680000,0x00000000fa680000,0x00000000fb600000)
 ParOldGen       total 44032K, used 30373K [0x00000000e0000000, 0x00000000e2b00000, 0x00000000f5500000)
  object space 44032K, 68% used [0x00000000e0000000,0x00000000e1da9550,0x00000000e2b00000)
 PSPermGen       total 30720K, used 30649K [0x00000000d0000000, 0x00000000d1e00000, 0x00000000e0000000)
  object space 30720K, 99% used [0x00000000d0000000,0x00000000d1dee418,0x00000000d1e00000)
}
Event: 6.992 GC heap before
{Heap before GC invocations=6 (full 0):
 PSYoungGen      total 36352K, used 36347K [0x00000000f5500000, 0x00000000fb600000, 0x0000000100000000)
  eden space 33792K, 100% used [0x00000000f5500000,0x00000000f7600000,0x00000000f7600000)
  from space 2560K, 99% used [0x00000000f7600000,0x00000000f787ec80,0x00000000f7880000)
  to   space 15872K, 0% used [0x00000000fa680000,0x00000000fa680000,0x00000000fb600000)
 ParOldGen       total 44032K, used 30373K [0x00000000e0000000, 0x00000000e2b00000, 0x00000000f5500000)
  object space 44032K, 68% used [0x00000000e0000000,0x00000000e1da9550,0x00000000e2b00000)
 PSPermGen       total 39424K, used 38986K [0x00000000d0000000, 0x00000000d2680000, 0x00000000e0000000)
  object space 39424K, 98% used [0x00000000d0000000,0x00000000d2612b68,0x00000000d2680000)
Event: 7.020 GC heap after
Heap after GC invocations=6 (full 0):
 PSYoungGen      total 82944K, used 12051K [0x00000000f5500000, 0x00000000fb700000, 0x0000000100000000)
  eden space 67072K, 0% used [0x00000000f5500000,0x00000000f5500000,0x00000000f9680000)
  from space 15872K, 75% used [0x00000000fa680000,0x00000000fb244c98,0x00000000fb600000)
  to   space 16384K, 0% used [0x00000000f9680000,0x00000000f9680000,0x00000000fa680000)
 ParOldGen       total 44032K, used 30381K [0x00000000e0000000, 0x00000000e2b00000, 0x00000000f5500000)
  object space 44032K, 68% used [0x00000000e0000000,0x00000000e1dab550,0x00000000e2b00000)
 PSPermGen       total 39424K, used 38986K [0x00000000d0000000, 0x00000000d2680000, 0x00000000e0000000)
  object space 39424K, 98% used [0x00000000d0000000,0x00000000d2612b68,0x00000000d2680000)
}
Event: 29.371 GC heap before
{Heap before GC invocations=7 (full 0):
 PSYoungGen      total 82944K, used 79123K [0x00000000f5500000, 0x00000000fb700000, 0x0000000100000000)
  eden space 67072K, 100% used [0x00000000f5500000,0x00000000f9680000,0x00000000f9680000)
  from space 15872K, 75% used [0x00000000fa680000,0x00000000fb244c98,0x00000000fb600000)
  to   space 16384K, 0% used [0x00000000f9680000,0x00000000f9680000,0x00000000fa680000)
 ParOldGen       total 44032K, used 30381K [0x00000000e0000000, 0x00000000e2b00000, 0x00000000f5500000)
  object space 44032K, 68% used [0x00000000e0000000,0x00000000e1dab550,0x00000000e2b00000)
 PSPermGen       total 55296K, used 54943K [0x00000000d0000000, 0x00000000d3600000, 0x00000000e0000000)
  object space 55296K, 99% used [0x00000000d0000000,0x00000000d35a7c48,0x00000000d3600000)
Event: 29.402 GC heap after
Heap after GC invocations=7 (full 0):
 PSYoungGen      total 83456K, used 16356K [0x00000000f5500000, 0x0000000100000000, 0x0000000100000000)
  eden space 67072K, 0% used [0x00000000f5500000,0x00000000f5500000,0x00000000f9680000)
  from space 16384K, 99% used [0x00000000f9680000,0x00000000fa679320,0x00000000fa680000)
  to   space 23040K, 0% used [0x00000000fe980000,0x00000000fe980000,0x0000000100000000)
 ParOldGen       total 44032K, used 38041K [0x00000000e0000000, 0x00000000e2b00000, 0x00000000f5500000)
  object space 44032K, 86% used [0x00000000e0000000,0x00000000e25267a8,0x00000000e2b00000)
 PSPermGen       total 55296K, used 54943K [0x00000000d0000000, 0x00000000d3600000, 0x00000000e0000000)
  object space 55296K, 99% used [0x00000000d0000000,0x00000000d35a7c48,0x00000000d3600000)
}
Event: 29.402 GC heap before
{Heap before GC invocations=8 (full 1):
 PSYoungGen      total 83456K, used 16356K [0x00000000f5500000, 0x0000000100000000, 0x0000000100000000)
  eden space 67072K, 0% used [0x00000000f5500000,0x00000000f5500000,0x00000000f9680000)
  from space 16384K, 99% used [0x00000000f9680000,0x00000000fa679320,0x00000000fa680000)
  to   space 23040K, 0% used [0x00000000fe980000,0x00000000fe980000,0x0000000100000000)
 ParOldGen       total 44032K, used 38041K [0x00000000e0000000, 0x00000000e2b00000, 0x00000000f5500000)
  object space 44032K, 86% used [0x00000000e0000000,0x00000000e25267a8,0x00000000e2b00000)
 PSPermGen       total 55296K, used 54943K [0x00000000d0000000, 0x00000000d3600000, 0x00000000e0000000)
  object space 55296K, 99% used [0x00000000d0000000,0x00000000d35a7c48,0x00000000d3600000)
Event: 29.545 GC heap after
Heap after GC invocations=8 (full 1):
 PSYoungGen      total 83456K, used 3780K [0x00000000f5500000, 0x0000000100000000, 0x0000000100000000)
  eden space 67072K, 0% used [0x00000000f5500000,0x00000000f5500000,0x00000000f9680000)
  from space 16384K, 23% used [0x00000000f9680000,0x00000000f9a31210,0x00000000fa680000)
  to   space 23040K, 0% used [0x00000000fe980000,0x00000000fe980000,0x0000000100000000)
 ParOldGen       total 79872K, used 43988K [0x00000000e0000000, 0x00000000e4e00000, 0x00000000f5500000)
  object space 79872K, 55% used [0x00000000e0000000,0x00000000e2af50d0,0x00000000e4e00000)
 PSPermGen       total 110080K, used 54925K [0x00000000d0000000, 0x00000000d6b80000, 0x00000000e0000000)
  object space 110080K, 49% used [0x00000000d0000000,0x00000000d35a3780,0x00000000d6b80000)
}
Event: 32.072 GC heap before
{Heap before GC invocations=9 (full 1):
 PSYoungGen      total 83456K, used 70852K [0x00000000f5500000, 0x0000000100000000, 0x0000000100000000)
  eden space 67072K, 100% used [0x00000000f5500000,0x00000000f9680000,0x00000000f9680000)
  from space 16384K, 23% used [0x00000000f9680000,0x00000000f9a31210,0x00000000fa680000)
  to   space 23040K, 0% used [0x00000000fe980000,0x00000000fe980000,0x0000000100000000)
 ParOldGen       total 79872K, used 43988K [0x00000000e0000000, 0x00000000e4e00000, 0x00000000f5500000)
  object space 79872K, 55% used [0x00000000e0000000,0x00000000e2af50d0,0x00000000e4e00000)
 PSPermGen       total 110080K, used 59989K [0x00000000d0000000, 0x00000000d6b80000, 0x00000000e0000000)
  object space 110080K, 54% used [0x00000000d0000000,0x00000000d3a95580,0x00000000d6b80000)
Event: 32.107 GC heap after
Heap after GC invocations=9 (full 1):
 PSYoungGen      total 124928K, used 10063K [0x00000000f5500000, 0x00000000ff380000, 0x0000000100000000)
  eden space 114688K, 0% used [0x00000000f5500000,0x00000000f5500000,0x00000000fc500000)
  from space 10240K, 98% used [0x00000000fe980000,0x00000000ff353cb0,0x00000000ff380000)
  to   space 22016K, 0% used [0x00000000fc880000,0x00000000fc880000,0x00000000fde00000)
 ParOldGen       total 79872K, used 43996K [0x00000000e0000000, 0x00000000e4e00000, 0x00000000f5500000)
  object space 79872K, 55% used [0x00000000e0000000,0x00000000e2af70d0,0x00000000e4e00000)
 PSPermGen       total 110080K, used 59989K [0x00000000d0000000, 0x00000000d6b80000, 0x00000000e0000000)
  object space 110080K, 54% used [0x00000000d0000000,0x00000000d3a95580,0x00000000d6b80000)
}

